mode: set
git.garena.com/sea-labs-id/batch-05/arief-saferman/assignment-golang-backend/usecase/transaction_usecase.go:24.71,28.2 1 1
git.garena.com/sea-labs-id/batch-05/arief-saferman/assignment-golang-backend/usecase/transaction_usecase.go:30.102,33.16 3 1
git.garena.com/sea-labs-id/batch-05/arief-saferman/assignment-golang-backend/usecase/transaction_usecase.go:36.2,37.20 2 1
git.garena.com/sea-labs-id/batch-05/arief-saferman/assignment-golang-backend/usecase/transaction_usecase.go:33.16,35.3 1 1
git.garena.com/sea-labs-id/batch-05/arief-saferman/assignment-golang-backend/usecase/transaction_usecase.go:40.126,43.16 3 1
git.garena.com/sea-labs-id/batch-05/arief-saferman/assignment-golang-backend/usecase/transaction_usecase.go:46.2,47.20 2 1
git.garena.com/sea-labs-id/batch-05/arief-saferman/assignment-golang-backend/usecase/transaction_usecase.go:43.16,45.3 1 1
git.garena.com/sea-labs-id/batch-05/arief-saferman/assignment-golang-backend/usecase/transaction_usecase.go:50.141,52.16 2 1
git.garena.com/sea-labs-id/batch-05/arief-saferman/assignment-golang-backend/usecase/transaction_usecase.go:55.2,55.20 1 1
git.garena.com/sea-labs-id/batch-05/arief-saferman/assignment-golang-backend/usecase/transaction_usecase.go:52.16,54.3 1 1
git.garena.com/sea-labs-id/batch-05/arief-saferman/assignment-golang-backend/usecase/user_usecase.go:27.50,32.2 1 1
git.garena.com/sea-labs-id/batch-05/arief-saferman/assignment-golang-backend/usecase/user_usecase.go:34.81,36.16 2 1
git.garena.com/sea-labs-id/batch-05/arief-saferman/assignment-golang-backend/usecase/user_usecase.go:39.2,39.21 1 1
git.garena.com/sea-labs-id/batch-05/arief-saferman/assignment-golang-backend/usecase/user_usecase.go:36.16,38.3 1 1
git.garena.com/sea-labs-id/batch-05/arief-saferman/assignment-golang-backend/usecase/user_usecase.go:42.77,44.16 2 1
git.garena.com/sea-labs-id/batch-05/arief-saferman/assignment-golang-backend/usecase/user_usecase.go:48.2,49.14 2 1
git.garena.com/sea-labs-id/batch-05/arief-saferman/assignment-golang-backend/usecase/user_usecase.go:53.2,54.19 2 1
git.garena.com/sea-labs-id/batch-05/arief-saferman/assignment-golang-backend/usecase/user_usecase.go:44.16,46.3 1 1
git.garena.com/sea-labs-id/batch-05/arief-saferman/assignment-golang-backend/usecase/user_usecase.go:49.14,51.3 1 1
git.garena.com/sea-labs-id/batch-05/arief-saferman/assignment-golang-backend/usecase/user_usecase.go:57.82,59.2 1 1
