mode: set
assignment-activity-reporter/social/photo.go:8.23,13.2 1 1
assignment-activity-reporter/social/photo.go:15.46,17.2 1 1
assignment-activity-reporter/social/user.go:17.33,25.2 2 1
assignment-activity-reporter/social/user.go:27.51,28.28 1 1
assignment-activity-reporter/social/user.go:31.2,32.12 2 1
assignment-activity-reporter/social/user.go:28.28,30.3 1 1
assignment-activity-reporter/social/user.go:35.50,38.35 1 1
assignment-activity-reporter/social/user.go:45.2,46.12 2 1
assignment-activity-reporter/social/user.go:38.35,39.23 1 1
assignment-activity-reporter/social/user.go:39.23,41.4 1 1
assignment-activity-reporter/social/user.go:49.36,51.2 1 1
assignment-activity-reporter/social/user.go:53.45,54.35 1 1
assignment-activity-reporter/social/user.go:59.2,59.22 1 1
assignment-activity-reporter/social/user.go:54.35,55.23 1 1
assignment-activity-reporter/social/user.go:55.23,57.4 1 1
assignment-activity-reporter/social/user.go:62.47,63.38 1 1
assignment-activity-reporter/social/user.go:68.2,69.12 2 1
assignment-activity-reporter/social/user.go:63.38,64.13 1 1
assignment-activity-reporter/social/user.go:64.13,66.4 1 1
assignment-activity-reporter/social/user.go:72.48,75.35 1 1
assignment-activity-reporter/social/user.go:75.35,77.3 1 1
assignment-activity-reporter/social/user.go:80.44,82.2 1 1
assignment-activity-reporter/social/user.go:84.50,87.2 2 1
assignment-activity-reporter/social/user.go:89.41,91.2 1 1
assignment-activity-reporter/social/listuser.go:9.46,14.2 2 1
assignment-activity-reporter/social/listuser.go:16.51,17.35 1 1
assignment-activity-reporter/social/listuser.go:22.2,22.12 1 1
assignment-activity-reporter/social/listuser.go:17.35,18.21 1 1
assignment-activity-reporter/social/listuser.go:18.21,20.4 1 1
assignment-activity-reporter/social/listuser.go:25.58,26.35 1 1
assignment-activity-reporter/social/listuser.go:31.2,33.16 3 1
assignment-activity-reporter/social/listuser.go:26.35,27.21 1 1
assignment-activity-reporter/social/listuser.go:27.21,29.4 1 1
assignment-activity-reporter/social/listuser.go:36.40,37.49 1 1
assignment-activity-reporter/social/listuser.go:37.49,39.3 1 1
assignment-activity-reporter/social/listuser.go:42.52,45.35 3 1
assignment-activity-reporter/social/listuser.go:54.2,54.18 1 1
assignment-activity-reporter/social/listuser.go:45.35,46.26 1 1
assignment-activity-reporter/social/listuser.go:50.3,50.28 1 1
assignment-activity-reporter/social/listuser.go:46.26,48.4 1 1
assignment-activity-reporter/social/listuser.go:50.28,51.9 1 1
