mode: set
git.garena.com/sea-labs-id/batch-05/arief-saferman/assignment-golang-backend/usecase/transaction_usecase.go:24.71,28.2 1 1
git.garena.com/sea-labs-id/batch-05/arief-saferman/assignment-golang-backend/usecase/transaction_usecase.go:30.102,33.16 3 1
git.garena.com/sea-labs-id/batch-05/arief-saferman/assignment-golang-backend/usecase/transaction_usecase.go:36.2,37.20 2 1
git.garena.com/sea-labs-id/batch-05/arief-saferman/assignment-golang-backend/usecase/transaction_usecase.go:33.16,35.3 1 1
git.garena.com/sea-labs-id/batch-05/arief-saferman/assignment-golang-backend/usecase/transaction_usecase.go:40.126,43.16 3 1
git.garena.com/sea-labs-id/batch-05/arief-saferman/assignment-golang-backend/usecase/transaction_usecase.go:46.2,47.20 2 1
git.garena.com/sea-labs-id/batch-05/arief-saferman/assignment-golang-backend/usecase/transaction_usecase.go:43.16,45.3 1 1
git.garena.com/sea-labs-id/batch-05/arief-saferman/assignment-golang-backend/usecase/transaction_usecase.go:50.141,52.16 2 1
git.garena.com/sea-labs-id/batch-05/arief-saferman/assignment-golang-backend/usecase/transaction_usecase.go:55.2,55.20 1 1
git.garena.com/sea-labs-id/batch-05/arief-saferman/assignment-golang-backend/usecase/transaction_usecase.go:52.16,54.3 1 1
git.garena.com/sea-labs-id/batch-05/arief-saferman/assignment-golang-backend/usecase/user_usecase.go:27.50,32.2 1 1
git.garena.com/sea-labs-id/batch-05/arief-saferman/assignment-golang-backend/usecase/user_usecase.go:34.81,36.16 2 1
git.garena.com/sea-labs-id/batch-05/arief-saferman/assignment-golang-backend/usecase/user_usecase.go:39.2,39.21 1 1
git.garena.com/sea-labs-id/batch-05/arief-saferman/assignment-golang-backend/usecase/user_usecase.go:36.16,38.3 1 1
git.garena.com/sea-labs-id/batch-05/arief-saferman/assignment-golang-backend/usecase/user_usecase.go:42.77,44.16 2 1
git.garena.com/sea-labs-id/batch-05/arief-saferman/assignment-golang-backend/usecase/user_usecase.go:48.2,49.14 2 1
git.garena.com/sea-labs-id/batch-05/arief-saferman/assignment-golang-backend/usecase/user_usecase.go:53.2,54.19 2 1
git.garena.com/sea-labs-id/batch-05/arief-saferman/assignment-golang-backend/usecase/user_usecase.go:44.16,46.3 1 1
git.garena.com/sea-labs-id/batch-05/arief-saferman/assignment-golang-backend/usecase/user_usecase.go:49.14,51.3 1 1
git.garena.com/sea-labs-id/batch-05/arief-saferman/assignment-golang-backend/usecase/user_usecase.go:57.82,59.2 1 1
git.garena.com/sea-labs-id/batch-05/arief-saferman/assignment-golang-backend/handler/handler.go:15.32,20.2 1 1
git.garena.com/sea-labs-id/batch-05/arief-saferman/assignment-golang-backend/handler/transaction_handler.go:12.41,16.51 4 1
git.garena.com/sea-labs-id/batch-05/arief-saferman/assignment-golang-backend/handler/transaction_handler.go:21.2,22.16 2 1
git.garena.com/sea-labs-id/batch-05/arief-saferman/assignment-golang-backend/handler/transaction_handler.go:27.2,27.38 1 1
git.garena.com/sea-labs-id/batch-05/arief-saferman/assignment-golang-backend/handler/transaction_handler.go:16.51,19.3 2 1
git.garena.com/sea-labs-id/batch-05/arief-saferman/assignment-golang-backend/handler/transaction_handler.go:22.16,25.3 2 1
git.garena.com/sea-labs-id/batch-05/arief-saferman/assignment-golang-backend/handler/transaction_handler.go:30.44,34.51 4 1
git.garena.com/sea-labs-id/batch-05/arief-saferman/assignment-golang-backend/handler/transaction_handler.go:38.2,40.16 3 1
git.garena.com/sea-labs-id/batch-05/arief-saferman/assignment-golang-backend/handler/transaction_handler.go:44.2,44.38 1 1
git.garena.com/sea-labs-id/batch-05/arief-saferman/assignment-golang-backend/handler/transaction_handler.go:34.51,37.3 2 1
git.garena.com/sea-labs-id/batch-05/arief-saferman/assignment-golang-backend/handler/transaction_handler.go:40.16,43.3 2 1
git.garena.com/sea-labs-id/batch-05/arief-saferman/assignment-golang-backend/handler/transaction_handler.go:47.61,56.16 8 1
git.garena.com/sea-labs-id/batch-05/arief-saferman/assignment-golang-backend/handler/transaction_handler.go:60.2,60.38 1 1
git.garena.com/sea-labs-id/batch-05/arief-saferman/assignment-golang-backend/handler/transaction_handler.go:56.16,59.3 2 1
git.garena.com/sea-labs-id/batch-05/arief-saferman/assignment-golang-backend/handler/user_handler.go:13.48,15.51 2 1
git.garena.com/sea-labs-id/batch-05/arief-saferman/assignment-golang-backend/handler/user_handler.go:20.2,21.16 2 1
git.garena.com/sea-labs-id/batch-05/arief-saferman/assignment-golang-backend/handler/user_handler.go:29.2,32.4 1 1
git.garena.com/sea-labs-id/batch-05/arief-saferman/assignment-golang-backend/handler/user_handler.go:15.51,18.3 2 0
git.garena.com/sea-labs-id/batch-05/arief-saferman/assignment-golang-backend/handler/user_handler.go:21.16,27.3 2 1
git.garena.com/sea-labs-id/batch-05/arief-saferman/assignment-golang-backend/handler/user_handler.go:35.41,37.48 2 1
git.garena.com/sea-labs-id/batch-05/arief-saferman/assignment-golang-backend/handler/user_handler.go:45.2,46.16 2 1
git.garena.com/sea-labs-id/batch-05/arief-saferman/assignment-golang-backend/handler/user_handler.go:54.2,56.4 1 1
git.garena.com/sea-labs-id/batch-05/arief-saferman/assignment-golang-backend/handler/user_handler.go:37.48,43.3 2 0
git.garena.com/sea-labs-id/batch-05/arief-saferman/assignment-golang-backend/handler/user_handler.go:46.16,52.3 2 1
git.garena.com/sea-labs-id/batch-05/arief-saferman/assignment-golang-backend/handler/user_handler.go:59.49,73.17 4 1
git.garena.com/sea-labs-id/batch-05/arief-saferman/assignment-golang-backend/handler/user_handler.go:80.2,85.4 2 1
git.garena.com/sea-labs-id/batch-05/arief-saferman/assignment-golang-backend/handler/user_handler.go:73.17,79.3 2 1
